This file contains any messages produced by compilers while
running configure, to aid debugging if configure makes a mistake.

It was created by alt_sockets configure 3.0.1, which was
generated by GNU Autoconf 2.69.  Invocation command line was

  $ ./configure --host=i686-w64-mingw32 --prefix=/home/shared/ROOTWIN

## --------- ##
## Platform. ##
## --------- ##

hostname = tesseract
uname -m = x86_64
uname -r = 4.18.16-300.fc29.x86_64
uname -s = Linux
uname -v = #1 SMP Sat Oct 20 23:24:08 UTC 2018

/usr/bin/uname -p = x86_64
/bin/uname -X     = unknown

/bin/arch              = x86_64
/usr/bin/arch -k       = unknown
/usr/convex/getsysinfo = unknown
/usr/bin/hostinfo      = unknown
/bin/machine           = unknown
/usr/bin/oslevel       = unknown
/bin/universe          = unknown

PATH: /usr/share/Modules/bin
PATH: /usr/lib64/ccache
PATH: /usr/local/sbin
PATH: /usr/local/bin
PATH: /usr/sbin
PATH: /usr/bin
PATH: /sbin
PATH: /bin


## ----------- ##
## Core tests. ##
## ----------- ##

configure:2411: checking for a BSD-compatible install
configure:2479: result: /usr/bin/install -c
configure:2490: checking whether build environment is sane
configure:2545: result: yes
configure:2604: checking for i686-w64-mingw32-strip
configure:2620: found /usr/bin/i686-w64-mingw32-strip
configure:2631: result: i686-w64-mingw32-strip
configure:2696: checking for a thread-safe mkdir -p
configure:2735: result: /usr/bin/mkdir -p
configure:2742: checking for gawk
configure:2758: found /usr/bin/gawk
configure:2769: result: gawk
configure:2780: checking whether make sets $(MAKE)
configure:2802: result: yes
configure:2831: checking whether make supports nested variables
configure:2848: result: yes
configure:2976: checking whether to enable maintainer-specific portions of Makefiles
configure:2985: result: no
configure:3028: checking build system type
configure:3042: result: x86_64-pc-linux-gnu
configure:3062: checking host system type
configure:3075: result: i686-w64-mingw32
configure:3116: checking how to print strings
configure:3143: result: printf
configure:3168: checking whether make supports the include directive
configure:3183: make -f confmf.GNU && cat confinc.out
this is the am__doit target
configure:3186: $? = 0
configure:3205: result: yes (GNU style)
configure:3235: checking for i686-w64-mingw32-gcc
configure:3251: found /usr/lib64/ccache/i686-w64-mingw32-gcc
configure:3262: result: i686-w64-mingw32-gcc
configure:3531: checking for C compiler version
configure:3540: i686-w64-mingw32-gcc --version >&5
i686-w64-mingw32-gcc (GCC) 8.2.0 20180726 (Fedora MinGW 8.2.0-3.fc29)
Copyright (C) 2018 Free Software Foundation, Inc.
This is free software; see the source for copying conditions.  There is NO
warranty; not even for MERCHANTABILITY or FITNESS FOR A PARTICULAR PURPOSE.

configure:3551: $? = 0
configure:3540: i686-w64-mingw32-gcc -v >&5
Using built-in specs.
COLLECT_GCC=/usr/bin/i686-w64-mingw32-gcc
COLLECT_LTO_WRAPPER=/usr/libexec/gcc/i686-w64-mingw32/8.2.0/lto-wrapper
Target: i686-w64-mingw32
Configured with: ../configure --prefix=/usr --bindir=/usr/bin --includedir=/usr/include --mandir=/usr/share/man --infodir=/usr/share/info --datadir=/usr/share --build=x86_64-redhat-linux-gnu --host=x86_64-redhat-linux-gnu --with-gnu-as --with-gnu-ld --verbose --without-newlib --disable-multilib --disable-plugin --with-system-zlib --disable-nls --without-included-gettext --disable-win32-registry --enable-languages=c,c++,objc,obj-c++,fortran --with-bugurl=http://bugzilla.redhat.com/bugzilla --with-cloog --enable-threads=posix --enable-libgomp --target=i686-w64-mingw32 --with-sysroot=/usr/i686-w64-mingw32/sys-root --with-gxx-include-dir=/usr/i686-w64-mingw32/sys-root/mingw/include/c++
Thread model: posix
gcc version 8.2.0 20180726 (Fedora MinGW 8.2.0-3.fc29) (GCC) 
configure:3551: $? = 0
configure:3540: i686-w64-mingw32-gcc -V >&5
i686-w64-mingw32-gcc: error: unrecognized command line option '-V'
i686-w64-mingw32-gcc: fatal error: no input files
compilation terminated.
configure:3551: $? = 1
configure:3540: i686-w64-mingw32-gcc -qversion >&5
i686-w64-mingw32-gcc: error: unrecognized command line option '-qversion'; did you mean '--version'?
i686-w64-mingw32-gcc: fatal error: no input files
compilation terminated.
configure:3551: $? = 1
configure:3571: checking whether the C compiler works
configure:3593: i686-w64-mingw32-gcc    conftest.c  >&5
configure:3597: $? = 0
configure:3645: result: yes
configure:3648: checking for C compiler default output file name
configure:3650: result: a.exe
configure:3656: checking for suffix of executables
configure:3663: i686-w64-mingw32-gcc -o conftest.exe    conftest.c  >&5
configure:3667: $? = 0
configure:3689: result: .exe
configure:3711: checking whether we are cross compiling
configure:3719: i686-w64-mingw32-gcc -o conftest.exe    conftest.c  >&5
configure:3723: $? = 0
configure:3730: ./conftest.exe
000b:fixme:winediag:start_process Wine Staging 3.18 is a testing version containing experimental patches.
000b:fixme:winediag:start_process Please mention your exact version when filing bug reports on winehq.org.
configure:3734: $? = 0
configure:3749: result: no
configure:3754: checking for suffix of object files
configure:3776: i686-w64-mingw32-gcc -c   conftest.c >&5
configure:3780: $? = 0
configure:3801: result: o
configure:3805: checking whether we are using the GNU C compiler
configure:3824: i686-w64-mingw32-gcc -c   conftest.c >&5
configure:3824: $? = 0
configure:3833: result: yes
configure:3842: checking whether i686-w64-mingw32-gcc accepts -g
configure:3862: i686-w64-mingw32-gcc -c -g  conftest.c >&5
configure:3862: $? = 0
configure:3903: result: yes
configure:3920: checking for i686-w64-mingw32-gcc option to accept ISO C89
configure:3983: i686-w64-mingw32-gcc  -c -g -O2  conftest.c >&5
configure:3983: $? = 0
configure:3996: result: none needed
configure:4021: checking whether i686-w64-mingw32-gcc understands -c and -o together
configure:4043: i686-w64-mingw32-gcc -c conftest.c -o conftest2.o
configure:4046: $? = 0
configure:4043: i686-w64-mingw32-gcc -c conftest.c -o conftest2.o
configure:4046: $? = 0
configure:4058: result: yes
configure:4077: checking dependency style of i686-w64-mingw32-gcc
configure:4188: result: gcc3
configure:4203: checking for a sed that does not truncate output
configure:4267: result: /usr/bin/sed
configure:4285: checking for grep that handles long lines and -e
configure:4343: result: /usr/bin/grep
configure:4348: checking for egrep
000d:err:menubuilder:init_xdg error looking up the desktop directory
configure:4410: result: /usr/bin/grep -E
configure:4415: checking for fgrep
configure:4477: result: /usr/bin/grep -F
configure:4512: checking for ld used by i686-w64-mingw32-gcc
configure:4579: result: /usr/i686-w64-mingw32/bin/ld
configure:4586: checking if the linker (/usr/i686-w64-mingw32/bin/ld) is GNU ld
configure:4601: result: yes
configure:4613: checking for BSD- or MS-compatible name lister (nm)
configure:4667: result: /usr/bin/i686-w64-mingw32-nm -B
configure:4797: checking the name lister (/usr/bin/i686-w64-mingw32-nm -B) interface
configure:4804: i686-w64-mingw32-gcc -c -g -O2  conftest.c >&5
configure:4807: /usr/bin/i686-w64-mingw32-nm -B "conftest.o"
configure:4810: output
00000000 b .bss
00000000 d .data
00000000 N .debug_abbrev
00000000 N .debug_aranges
00000000 N .debug_info
00000000 N .debug_line
00000000 r .rdata$zzz
00000000 t .text
00000000 B _some_variable
configure:4817: result: BSD nm
configure:4820: checking whether ln -s works
configure:4824: result: yes
configure:4832: checking the maximum length of command line arguments
configure:4963: result: 1572864
configure:5011: checking how to convert x86_64-pc-linux-gnu file names to i686-w64-mingw32 format
configure:5051: result: func_convert_file_nix_to_w32
configure:5058: checking how to convert x86_64-pc-linux-gnu file names to toolchain format
configure:5078: result: func_convert_file_noop
configure:5085: checking for /usr/i686-w64-mingw32/bin/ld option to reload object files
configure:5092: result: -r
configure:5126: checking for i686-w64-mingw32-objdump
configure:5142: found /usr/bin/i686-w64-mingw32-objdump
configure:5153: result: i686-w64-mingw32-objdump
configure:5225: checking how to recognize dependent libraries
configure:5425: result: file_magic ^x86 archive import|^x86 DLL
configure:5470: checking for i686-w64-mingw32-dlltool
configure:5486: found /usr/bin/i686-w64-mingw32-dlltool
configure:5497: result: i686-w64-mingw32-dlltool
configure:5570: checking how to associate runtime and link libraries
configure:5597: result: func_cygming_dll_for_implib
configure:5614: checking for i686-w64-mingw32-ar
configure:5630: found /usr/bin/i686-w64-mingw32-ar
configure:5641: result: i686-w64-mingw32-ar
configure:5722: checking for archiver @FILE support
configure:5739: i686-w64-mingw32-gcc -c -g -O2  conftest.c >&5
configure:5739: $? = 0
configure:5742: i686-w64-mingw32-ar cru libconftest.a @conftest.lst >&5
configure:5745: $? = 0
configure:5750: i686-w64-mingw32-ar cru libconftest.a @conftest.lst >&5
i686-w64-mingw32-ar: conftest.o: No such file or directory
configure:5753: $? = 1
configure:5765: result: @
configure:5783: checking for i686-w64-mingw32-strip
configure:5810: result: i686-w64-mingw32-strip
configure:5882: checking for i686-w64-mingw32-ranlib
configure:5898: found /usr/bin/i686-w64-mingw32-ranlib
configure:5909: result: i686-w64-mingw32-ranlib
configure:6051: checking command to parse /usr/bin/i686-w64-mingw32-nm -B output from i686-w64-mingw32-gcc object
configure:6204: i686-w64-mingw32-gcc -c -g -O2  conftest.c >&5
configure:6207: $? = 0
configure:6211: /usr/bin/i686-w64-mingw32-nm -B conftest.o \| sed -n -e 's/^.*[ ]\([ABCDGIRSTW][ABCDGIRSTW]*\)[ ][ ]*\([_A-Za-z][_A-Za-z0-9]*\)$/\1 \2 \2/p' | sed '/ __gnu_lto/d' \> conftest.nm
configure:6214: $? = 0
cannot find nm_test_var in conftest.nm
configure:6204: i686-w64-mingw32-gcc -c -g -O2  conftest.c >&5
configure:6207: $? = 0
configure:6211: /usr/bin/i686-w64-mingw32-nm -B conftest.o \| sed -n -e 's/^.*[ ]\([ABCDGIRSTW][ABCDGIRSTW]*\)[ ][ ]*_\([_A-Za-z][_A-Za-z0-9]*\)$/\1 _\2 \2/p' | sed '/ __gnu_lto/d' \> conftest.nm
configure:6214: $? = 0
configure:6280: i686-w64-mingw32-gcc -o conftest.exe -g -O2   conftest.c conftstm.o >&5
configure:6283: $? = 0
configure:6321: result: ok
configure:6368: checking for sysroot
configure:6398: result: no
configure:6405: checking for a working dd
configure:6443: result: /usr/bin/dd
configure:6447: checking how to truncate binary pipes
configure:6462: result: /usr/bin/dd bs=4096 count=1
configure:6751: checking for i686-w64-mingw32-mt
configure:6781: result: no
configure:6791: checking for mt
configure:6821: result: no
configure:6841: checking if : is a manifest tool
configure:6847: : '-?'
configure:6855: result: no
configure:7532: checking how to run the C preprocessor
configure:7563: i686-w64-mingw32-gcc -E  conftest.c
configure:7563: $? = 0
configure:7577: i686-w64-mingw32-gcc -E  conftest.c
conftest.c:11:10: fatal error: ac_nonexistent.h: No such file or directory
 #include <ac_nonexistent.h>
          ^~~~~~~~~~~~~~~~~~
compilation terminated.
configure:7577: $? = 1
configure: failed program was:
| /* confdefs.h */
| #define PACKAGE_NAME "alt_sockets"
| #define PACKAGE_TARNAME "alt_sockets"
| #define PACKAGE_VERSION "3.0.1"
| #define PACKAGE_STRING "alt_sockets 3.0.1"
| #define PACKAGE_BUGREPORT "zorak.x86@gmail.com"
| #define PACKAGE_URL ""
| #define PACKAGE "alt_sockets"
| #define VERSION "3.0.1"
| /* end confdefs.h.  */
| #include <ac_nonexistent.h>
configure:7602: result: i686-w64-mingw32-gcc -E
configure:7622: i686-w64-mingw32-gcc -E  conftest.c
configure:7622: $? = 0
configure:7636: i686-w64-mingw32-gcc -E  conftest.c
conftest.c:11:10: fatal error: ac_nonexistent.h: No such file or directory
 #include <ac_nonexistent.h>
          ^~~~~~~~~~~~~~~~~~
compilation terminated.
configure:7636: $? = 1
configure: failed program was:
| /* confdefs.h */
| #define PACKAGE_NAME "alt_sockets"
| #define PACKAGE_TARNAME "alt_sockets"
| #define PACKAGE_VERSION "3.0.1"
| #define PACKAGE_STRING "alt_sockets 3.0.1"
| #define PACKAGE_BUGREPORT "zorak.x86@gmail.com"
| #define PACKAGE_URL ""
| #define PACKAGE "alt_sockets"
| #define VERSION "3.0.1"
| /* end confdefs.h.  */
| #include <ac_nonexistent.h>
configure:7665: checking for ANSI C header files
configure:7685: i686-w64-mingw32-gcc -c -g -O2  conftest.c >&5
configure:7685: $? = 0
configure:7758: i686-w64-mingw32-gcc -o conftest.exe -g -O2   conftest.c  >&5
configure:7758: $? = 0
configure:7758: ./conftest.exe
configure:7758: $? = 0
configure:7769: result: yes
configure:7782: checking for sys/types.h
configure:7782: i686-w64-mingw32-gcc -c -g -O2  conftest.c >&5
configure:7782: $? = 0
configure:7782: result: yes
configure:7782: checking for sys/stat.h
configure:7782: i686-w64-mingw32-gcc -c -g -O2  conftest.c >&5
configure:7782: $? = 0
configure:7782: result: yes
configure:7782: checking for stdlib.h
configure:7782: i686-w64-mingw32-gcc -c -g -O2  conftest.c >&5
configure:7782: $? = 0
configure:7782: result: yes
configure:7782: checking for string.h
configure:7782: i686-w64-mingw32-gcc -c -g -O2  conftest.c >&5
configure:7782: $? = 0
configure:7782: result: yes
configure:7782: checking for memory.h
configure:7782: i686-w64-mingw32-gcc -c -g -O2  conftest.c >&5
configure:7782: $? = 0
configure:7782: result: yes
configure:7782: checking for strings.h
configure:7782: i686-w64-mingw32-gcc -c -g -O2  conftest.c >&5
configure:7782: $? = 0
configure:7782: result: yes
configure:7782: checking for inttypes.h
configure:7782: i686-w64-mingw32-gcc -c -g -O2  conftest.c >&5
configure:7782: $? = 0
configure:7782: result: yes
configure:7782: checking for stdint.h
configure:7782: i686-w64-mingw32-gcc -c -g -O2  conftest.c >&5
configure:7782: $? = 0
configure:7782: result: yes
configure:7782: checking for unistd.h
configure:7782: i686-w64-mingw32-gcc -c -g -O2  conftest.c >&5
configure:7782: $? = 0
configure:7782: result: yes
configure:7796: checking for dlfcn.h
configure:7796: i686-w64-mingw32-gcc -c -g -O2  conftest.c >&5
configure:7796: $? = 0
configure:7796: result: yes
configure:8052: checking for objdir
configure:8067: result: .libs
configure:8331: checking if i686-w64-mingw32-gcc supports -fno-rtti -fno-exceptions
configure:8349: i686-w64-mingw32-gcc -c -g -O2  -fno-rtti -fno-exceptions conftest.c >&5
cc1: warning: command line option '-fno-rtti' is valid for C++/ObjC++ but not for C
configure:8353: $? = 0
configure:8366: result: no
configure:8724: checking for i686-w64-mingw32-gcc option to produce PIC
configure:8731: result: -DDLL_EXPORT -DPIC
configure:8739: checking if i686-w64-mingw32-gcc PIC flag -DDLL_EXPORT -DPIC works
configure:8757: i686-w64-mingw32-gcc -c -g -O2  -DDLL_EXPORT -DPIC -DPIC conftest.c >&5
configure:8761: $? = 0
configure:8774: result: yes
configure:8803: checking if i686-w64-mingw32-gcc static flag -static works
configure:8831: result: yes
configure:8846: checking if i686-w64-mingw32-gcc supports -c -o file.o
configure:8867: i686-w64-mingw32-gcc -c -g -O2  -o out/conftest2.o conftest.c >&5
configure:8871: $? = 0
configure:8893: result: yes
configure:8901: checking if i686-w64-mingw32-gcc supports -c -o file.o
configure:8948: result: yes
configure:8981: checking whether the i686-w64-mingw32-gcc linker (/usr/i686-w64-mingw32/bin/ld) supports shared libraries
configure:10240: result: yes
configure:10277: checking whether -lc should be explicitly linked in
configure:10285: i686-w64-mingw32-gcc -c -g -O2  conftest.c >&5
configure:10288: $? = 0
configure:10303: i686-w64-mingw32-gcc -shared conftest.o  -v -o ./conftest -Wl,--enable-auto-image-base -Xlinker --out-implib -Xlinker conftest 2\>\&1 \| /usr/bin/grep  -lc  \>/dev/null 2\>\&1
configure:10306: $? = 1
configure:10320: result: yes
configure:10480: checking dynamic linker characteristics
configure:11301: result: Win32 ld.exe
configure:11423: checking how to hardcode library paths into programs
configure:11448: result: immediate
configure:11996: checking whether stripping libraries is possible
configure:12001: result: yes
configure:12036: checking if libtool supports shared libraries
configure:12038: result: yes
configure:12041: checking whether to build shared libraries
configure:12066: result: yes
configure:12069: checking whether to build static libraries
configure:12073: result: yes
configure:12128: checking for i686-w64-mingw32-g++
configure:12144: found /usr/lib64/ccache/i686-w64-mingw32-g++
configure:12155: result: i686-w64-mingw32-g++
configure:12226: checking for C++ compiler version
configure:12235: i686-w64-mingw32-g++ --version >&5
i686-w64-mingw32-g++ (GCC) 8.2.0 20180726 (Fedora MinGW 8.2.0-3.fc29)
Copyright (C) 2018 Free Software Foundation, Inc.
This is free software; see the source for copying conditions.  There is NO
warranty; not even for MERCHANTABILITY or FITNESS FOR A PARTICULAR PURPOSE.

configure:12246: $? = 0
configure:12235: i686-w64-mingw32-g++ -v >&5
Using built-in specs.
COLLECT_GCC=/usr/bin/i686-w64-mingw32-g++
COLLECT_LTO_WRAPPER=/usr/libexec/gcc/i686-w64-mingw32/8.2.0/lto-wrapper
Target: i686-w64-mingw32
Configured with: ../configure --prefix=/usr --bindir=/usr/bin --includedir=/usr/include --mandir=/usr/share/man --infodir=/usr/share/info --datadir=/usr/share --build=x86_64-redhat-linux-gnu --host=x86_64-redhat-linux-gnu --with-gnu-as --with-gnu-ld --verbose --without-newlib --disable-multilib --disable-plugin --with-system-zlib --disable-nls --without-included-gettext --disable-win32-registry --enable-languages=c,c++,objc,obj-c++,fortran --with-bugurl=http://bugzilla.redhat.com/bugzilla --with-cloog --enable-threads=posix --enable-libgomp --target=i686-w64-mingw32 --with-sysroot=/usr/i686-w64-mingw32/sys-root --with-gxx-include-dir=/usr/i686-w64-mingw32/sys-root/mingw/include/c++
Thread model: posix
gcc version 8.2.0 20180726 (Fedora MinGW 8.2.0-3.fc29) (GCC) 
configure:12246: $? = 0
configure:12235: i686-w64-mingw32-g++ -V >&5
i686-w64-mingw32-g++: error: unrecognized command line option '-V'
i686-w64-mingw32-g++: fatal error: no input files
compilation terminated.
configure:12246: $? = 1
configure:12235: i686-w64-mingw32-g++ -qversion >&5
i686-w64-mingw32-g++: error: unrecognized command line option '-qversion'; did you mean '--version'?
i686-w64-mingw32-g++: fatal error: no input files
compilation terminated.
configure:12246: $? = 1
configure:12250: checking whether we are using the GNU C++ compiler
configure:12269: i686-w64-mingw32-g++ -c   conftest.cpp >&5
configure:12269: $? = 0
configure:12278: result: yes
configure:12287: checking whether i686-w64-mingw32-g++ accepts -g
configure:12307: i686-w64-mingw32-g++ -c -g  conftest.cpp >&5
configure:12307: $? = 0
configure:12348: result: yes
configure:12373: checking dependency style of i686-w64-mingw32-g++
configure:12484: result: gcc3
configure:12517: checking how to run the C++ preprocessor
configure:12544: i686-w64-mingw32-g++ -E  conftest.cpp
configure:12544: $? = 0
configure:12558: i686-w64-mingw32-g++ -E  conftest.cpp
conftest.cpp:23:10: fatal error: ac_nonexistent.h: No such file or directory
 #include <ac_nonexistent.h>
          ^~~~~~~~~~~~~~~~~~
compilation terminated.
configure:12558: $? = 1
configure: failed program was:
| /* confdefs.h */
| #define PACKAGE_NAME "alt_sockets"
| #define PACKAGE_TARNAME "alt_sockets"
| #define PACKAGE_VERSION "3.0.1"
| #define PACKAGE_STRING "alt_sockets 3.0.1"
| #define PACKAGE_BUGREPORT "zorak.x86@gmail.com"
| #define PACKAGE_URL ""
| #define PACKAGE "alt_sockets"
| #define VERSION "3.0.1"
| #define STDC_HEADERS 1
| #define HAVE_SYS_TYPES_H 1
| #define HAVE_SYS_STAT_H 1
| #define HAVE_STDLIB_H 1
| #define HAVE_STRING_H 1
| #define HAVE_MEMORY_H 1
| #define HAVE_STRINGS_H 1
| #define HAVE_INTTYPES_H 1
| #define HAVE_STDINT_H 1
| #define HAVE_UNISTD_H 1
| #define HAVE_DLFCN_H 1
| #define LT_OBJDIR ".libs/"
| /* end confdefs.h.  */
| #include <ac_nonexistent.h>
configure:12583: result: i686-w64-mingw32-g++ -E
configure:12603: i686-w64-mingw32-g++ -E  conftest.cpp
configure:12603: $? = 0
configure:12617: i686-w64-mingw32-g++ -E  conftest.cpp
conftest.cpp:23:10: fatal error: ac_nonexistent.h: No such file or directory
 #include <ac_nonexistent.h>
          ^~~~~~~~~~~~~~~~~~
compilation terminated.
configure:12617: $? = 1
configure: failed program was:
| /* confdefs.h */
| #define PACKAGE_NAME "alt_sockets"
| #define PACKAGE_TARNAME "alt_sockets"
| #define PACKAGE_VERSION "3.0.1"
| #define PACKAGE_STRING "alt_sockets 3.0.1"
| #define PACKAGE_BUGREPORT "zorak.x86@gmail.com"
| #define PACKAGE_URL ""
| #define PACKAGE "alt_sockets"
| #define VERSION "3.0.1"
| #define STDC_HEADERS 1
| #define HAVE_SYS_TYPES_H 1
| #define HAVE_SYS_STAT_H 1
| #define HAVE_STDLIB_H 1
| #define HAVE_STRING_H 1
| #define HAVE_MEMORY_H 1
| #define HAVE_STRINGS_H 1
| #define HAVE_INTTYPES_H 1
| #define HAVE_STDINT_H 1
| #define HAVE_UNISTD_H 1
| #define HAVE_DLFCN_H 1
| #define LT_OBJDIR ".libs/"
| /* end confdefs.h.  */
| #include <ac_nonexistent.h>
configure:12779: checking for ld used by i686-w64-mingw32-g++
configure:12846: result: /usr/i686-w64-mingw32/bin/ld
configure:12853: checking if the linker (/usr/i686-w64-mingw32/bin/ld) is GNU ld
configure:12868: result: yes
configure:12923: checking whether the i686-w64-mingw32-g++ linker (/usr/i686-w64-mingw32/bin/ld) supports shared libraries
configure:13996: result: yes
configure:14032: i686-w64-mingw32-g++ -c -g -O2  conftest.cpp >&5
configure:14035: $? = 0
configure:14516: checking for i686-w64-mingw32-g++ option to produce PIC
configure:14523: result: -DDLL_EXPORT -DPIC
configure:14531: checking if i686-w64-mingw32-g++ PIC flag -DDLL_EXPORT -DPIC works
configure:14549: i686-w64-mingw32-g++ -c -g -O2  -DDLL_EXPORT -DPIC -DPIC conftest.cpp >&5
configure:14553: $? = 0
configure:14566: result: yes
configure:14589: checking if i686-w64-mingw32-g++ static flag -static works
configure:14617: result: yes
configure:14629: checking if i686-w64-mingw32-g++ supports -c -o file.o
configure:14650: i686-w64-mingw32-g++ -c -g -O2  -o out/conftest2.o conftest.cpp >&5
configure:14654: $? = 0
configure:14676: result: yes
configure:14681: checking if i686-w64-mingw32-g++ supports -c -o file.o
configure:14728: result: yes
configure:14758: checking whether the i686-w64-mingw32-g++ linker (/usr/i686-w64-mingw32/bin/ld) supports shared libraries
configure:14798: result: yes
configure:14939: checking dynamic linker characteristics
configure:15687: result: Win32 ld.exe
configure:15752: checking how to hardcode library paths into programs
configure:15777: result: immediate
configure:15820: checking for ANSI C header files
configure:15924: result: yes
configure:15934: checking alt_mutex/locker_mutex.h usability
configure:15934: i686-w64-mingw32-gcc -c -g -O2  conftest.c >&5
conftest.c:57:10: fatal error: alt_mutex/locker_mutex.h: No such file or directory
 #include <alt_mutex/locker_mutex.h>
          ^~~~~~~~~~~~~~~~~~~~~~~~~~
compilation terminated.
configure:15934: $? = 1
configure: failed program was:
| /* confdefs.h */
| #define PACKAGE_NAME "alt_sockets"
| #define PACKAGE_TARNAME "alt_sockets"
| #define PACKAGE_VERSION "3.0.1"
| #define PACKAGE_STRING "alt_sockets 3.0.1"
| #define PACKAGE_BUGREPORT "zorak.x86@gmail.com"
| #define PACKAGE_URL ""
| #define PACKAGE "alt_sockets"
| #define VERSION "3.0.1"
| #define STDC_HEADERS 1
| #define HAVE_SYS_TYPES_H 1
| #define HAVE_SYS_STAT_H 1
| #define HAVE_STDLIB_H 1
| #define HAVE_STRING_H 1
| #define HAVE_MEMORY_H 1
| #define HAVE_STRINGS_H 1
| #define HAVE_INTTYPES_H 1
| #define HAVE_STDINT_H 1
| #define HAVE_UNISTD_H 1
| #define HAVE_DLFCN_H 1
| #define LT_OBJDIR ".libs/"
| #define STDC_HEADERS 1
| /* end confdefs.h.  */
| #include <stdio.h>
| #ifdef HAVE_SYS_TYPES_H
| # include <sys/types.h>
| #endif
| #ifdef HAVE_SYS_STAT_H
| # include <sys/stat.h>
| #endif
| #ifdef STDC_HEADERS
| # include <stdlib.h>
| # include <stddef.h>
| #else
| # ifdef HAVE_STDLIB_H
| #  include <stdlib.h>
| # endif
| #endif
| #ifdef HAVE_STRING_H
| # if !defined STDC_HEADERS && defined HAVE_MEMORY_H
| #  include <memory.h>
| # endif
| # include <string.h>
| #endif
| #ifdef HAVE_STRINGS_H
| # include <strings.h>
| #endif
| #ifdef HAVE_INTTYPES_H
| # include <inttypes.h>
| #endif
| #ifdef HAVE_STDINT_H
| # include <stdint.h>
| #endif
| #ifdef HAVE_UNISTD_H
| # include <unistd.h>
| #endif
| #include <alt_mutex/locker_mutex.h>
configure:15934: result: no
configure:15934: checking alt_mutex/locker_mutex.h presence
configure:15934: i686-w64-mingw32-gcc -E  conftest.c
conftest.c:24:10: fatal error: alt_mutex/locker_mutex.h: No such file or directory
 #include <alt_mutex/locker_mutex.h>
          ^~~~~~~~~~~~~~~~~~~~~~~~~~
compilation terminated.
configure:15934: $? = 1
configure: failed program was:
| /* confdefs.h */
| #define PACKAGE_NAME "alt_sockets"
| #define PACKAGE_TARNAME "alt_sockets"
| #define PACKAGE_VERSION "3.0.1"
| #define PACKAGE_STRING "alt_sockets 3.0.1"
| #define PACKAGE_BUGREPORT "zorak.x86@gmail.com"
| #define PACKAGE_URL ""
| #define PACKAGE "alt_sockets"
| #define VERSION "3.0.1"
| #define STDC_HEADERS 1
| #define HAVE_SYS_TYPES_H 1
| #define HAVE_SYS_STAT_H 1
| #define HAVE_STDLIB_H 1
| #define HAVE_STRING_H 1
| #define HAVE_MEMORY_H 1
| #define HAVE_STRINGS_H 1
| #define HAVE_INTTYPES_H 1
| #define HAVE_STDINT_H 1
| #define HAVE_UNISTD_H 1
| #define HAVE_DLFCN_H 1
| #define LT_OBJDIR ".libs/"
| #define STDC_HEADERS 1
| /* end confdefs.h.  */
| #include <alt_mutex/locker_mutex.h>
configure:15934: result: no
configure:15934: checking for alt_mutex/locker_mutex.h
configure:15934: result: no
configure:15946: checking alt_mutex/mutex_instance.h usability
configure:15946: i686-w64-mingw32-gcc -c -g -O2  conftest.c >&5
conftest.c:57:10: fatal error: alt_mutex/mutex_instance.h: No such file or directory
 #include <alt_mutex/mutex_instance.h>
          ^~~~~~~~~~~~~~~~~~~~~~~~~~~~
compilation terminated.
configure:15946: $? = 1
configure: failed program was:
| /* confdefs.h */
| #define PACKAGE_NAME "alt_sockets"
| #define PACKAGE_TARNAME "alt_sockets"
| #define PACKAGE_VERSION "3.0.1"
| #define PACKAGE_STRING "alt_sockets 3.0.1"
| #define PACKAGE_BUGREPORT "zorak.x86@gmail.com"
| #define PACKAGE_URL ""
| #define PACKAGE "alt_sockets"
| #define VERSION "3.0.1"
| #define STDC_HEADERS 1
| #define HAVE_SYS_TYPES_H 1
| #define HAVE_SYS_STAT_H 1
| #define HAVE_STDLIB_H 1
| #define HAVE_STRING_H 1
| #define HAVE_MEMORY_H 1
| #define HAVE_STRINGS_H 1
| #define HAVE_INTTYPES_H 1
| #define HAVE_STDINT_H 1
| #define HAVE_UNISTD_H 1
| #define HAVE_DLFCN_H 1
| #define LT_OBJDIR ".libs/"
| #define STDC_HEADERS 1
| /* end confdefs.h.  */
| #include <stdio.h>
| #ifdef HAVE_SYS_TYPES_H
| # include <sys/types.h>
| #endif
| #ifdef HAVE_SYS_STAT_H
| # include <sys/stat.h>
| #endif
| #ifdef STDC_HEADERS
| # include <stdlib.h>
| # include <stddef.h>
| #else
| # ifdef HAVE_STDLIB_H
| #  include <stdlib.h>
| # endif
| #endif
| #ifdef HAVE_STRING_H
| # if !defined STDC_HEADERS && defined HAVE_MEMORY_H
| #  include <memory.h>
| # endif
| # include <string.h>
| #endif
| #ifdef HAVE_STRINGS_H
| # include <strings.h>
| #endif
| #ifdef HAVE_INTTYPES_H
| # include <inttypes.h>
| #endif
| #ifdef HAVE_STDINT_H
| # include <stdint.h>
| #endif
| #ifdef HAVE_UNISTD_H
| # include <unistd.h>
| #endif
| #include <alt_mutex/mutex_instance.h>
configure:15946: result: no
configure:15946: checking alt_mutex/mutex_instance.h presence
configure:15946: i686-w64-mingw32-gcc -E  conftest.c
conftest.c:24:10: fatal error: alt_mutex/mutex_instance.h: No such file or directory
 #include <alt_mutex/mutex_instance.h>
          ^~~~~~~~~~~~~~~~~~~~~~~~~~~~
compilation terminated.
configure:15946: $? = 1
configure: failed program was:
| /* confdefs.h */
| #define PACKAGE_NAME "alt_sockets"
| #define PACKAGE_TARNAME "alt_sockets"
| #define PACKAGE_VERSION "3.0.1"
| #define PACKAGE_STRING "alt_sockets 3.0.1"
| #define PACKAGE_BUGREPORT "zorak.x86@gmail.com"
| #define PACKAGE_URL ""
| #define PACKAGE "alt_sockets"
| #define VERSION "3.0.1"
| #define STDC_HEADERS 1
| #define HAVE_SYS_TYPES_H 1
| #define HAVE_SYS_STAT_H 1
| #define HAVE_STDLIB_H 1
| #define HAVE_STRING_H 1
| #define HAVE_MEMORY_H 1
| #define HAVE_STRINGS_H 1
| #define HAVE_INTTYPES_H 1
| #define HAVE_STDINT_H 1
| #define HAVE_UNISTD_H 1
| #define HAVE_DLFCN_H 1
| #define LT_OBJDIR ".libs/"
| #define STDC_HEADERS 1
| /* end confdefs.h.  */
| #include <alt_mutex/mutex_instance.h>
configure:15946: result: no
configure:15946: checking for alt_mutex/mutex_instance.h
configure:15946: result: no
configure:15958: checking for an ANSI C-conforming const
configure:16024: i686-w64-mingw32-gcc -c -g -O2  conftest.c >&5
configure:16024: $? = 0
configure:16031: result: yes
configure:16043: checking for stdlib.h
configure:16043: result: yes
configure:16053: checking for GNU libc compatible malloc
configure:16077: i686-w64-mingw32-gcc -o conftest.exe -g -O2   conftest.c  >&5
configure:16077: $? = 0
configure:16077: ./conftest.exe
configure:16077: $? = 0
configure:16087: result: yes
configure:16108: checking for pthread_create in -lpthread
configure:16133: i686-w64-mingw32-gcc -o conftest.exe -g -O2   conftest.c -lpthread   >&5
configure:16133: $? = 0
configure:16142: result: yes
configure:16153: checking for setsockopt in -lsocket
configure:16178: i686-w64-mingw32-gcc -o conftest.exe -g -O2   conftest.c -lsocket  -lpthread  >&5
/usr/lib/gcc/i686-w64-mingw32/8.2.0/../../../../i686-w64-mingw32/bin/ld: cannot find -lsocket
collect2: error: ld returned 1 exit status
configure:16178: $? = 1
configure: failed program was:
| /* confdefs.h */
| #define PACKAGE_NAME "alt_sockets"
| #define PACKAGE_TARNAME "alt_sockets"
| #define PACKAGE_VERSION "3.0.1"
| #define PACKAGE_STRING "alt_sockets 3.0.1"
| #define PACKAGE_BUGREPORT "zorak.x86@gmail.com"
| #define PACKAGE_URL ""
| #define PACKAGE "alt_sockets"
| #define VERSION "3.0.1"
| #define STDC_HEADERS 1
| #define HAVE_SYS_TYPES_H 1
| #define HAVE_SYS_STAT_H 1
| #define HAVE_STDLIB_H 1
| #define HAVE_STRING_H 1
| #define HAVE_MEMORY_H 1
| #define HAVE_STRINGS_H 1
| #define HAVE_INTTYPES_H 1
| #define HAVE_STDINT_H 1
| #define HAVE_UNISTD_H 1
| #define HAVE_DLFCN_H 1
| #define LT_OBJDIR ".libs/"
| #define STDC_HEADERS 1
| #define HAVE_STDLIB_H 1
| #define HAVE_MALLOC 1
| #define HAVE_LIBPTHREAD 1
| /* end confdefs.h.  */
| 
| /* Override any GCC internal prototype to avoid an error.
|    Use char because int might match the return type of a GCC
|    builtin and then its argument prototype would still apply.  */
| #ifdef __cplusplus
| extern "C"
| #endif
| char setsockopt ();
| int
| main ()
| {
| return setsockopt ();
|   ;
|   return 0;
| }
configure:16187: result: no
configure:16201: checking for gethostbyname
configure:16201: i686-w64-mingw32-gcc -o conftest.exe -g -O2   conftest.c -lpthread  >&5
/tmp/ccr1siIG.o: In function `main':
/home/dev.zorak/projects/libAltOID_Sockets/conftest.c:61: undefined reference to `gethostbyname'
collect2: error: ld returned 1 exit status
configure:16201: $? = 1
configure: failed program was:
| /* confdefs.h */
| #define PACKAGE_NAME "alt_sockets"
| #define PACKAGE_TARNAME "alt_sockets"
| #define PACKAGE_VERSION "3.0.1"
| #define PACKAGE_STRING "alt_sockets 3.0.1"
| #define PACKAGE_BUGREPORT "zorak.x86@gmail.com"
| #define PACKAGE_URL ""
| #define PACKAGE "alt_sockets"
| #define VERSION "3.0.1"
| #define STDC_HEADERS 1
| #define HAVE_SYS_TYPES_H 1
| #define HAVE_SYS_STAT_H 1
| #define HAVE_STDLIB_H 1
| #define HAVE_STRING_H 1
| #define HAVE_MEMORY_H 1
| #define HAVE_STRINGS_H 1
| #define HAVE_INTTYPES_H 1
| #define HAVE_STDINT_H 1
| #define HAVE_UNISTD_H 1
| #define HAVE_DLFCN_H 1
| #define LT_OBJDIR ".libs/"
| #define STDC_HEADERS 1
| #define HAVE_STDLIB_H 1
| #define HAVE_MALLOC 1
| #define HAVE_LIBPTHREAD 1
| /* end confdefs.h.  */
| /* Define gethostbyname to an innocuous variant, in case <limits.h> declares gethostbyname.
|    For example, HP-UX 11i <limits.h> declares gettimeofday.  */
| #define gethostbyname innocuous_gethostbyname
| 
| /* System header to define __stub macros and hopefully few prototypes,
|     which can conflict with char gethostbyname (); below.
|     Prefer <limits.h> to <assert.h> if __STDC__ is defined, since
|     <limits.h> exists even on freestanding compilers.  */
| 
| #ifdef __STDC__
| # include <limits.h>
| #else
| # include <assert.h>
| #endif
| 
| #undef gethostbyname
| 
| /* Override any GCC internal prototype to avoid an error.
|    Use char because int might match the return type of a GCC
|    builtin and then its argument prototype would still apply.  */
| #ifdef __cplusplus
| extern "C"
| #endif
| char gethostbyname ();
| /* The GNU C library defines this for functions which it implements
|     to always fail with ENOSYS.  Some functions are actually named
|     something starting with __ and the normal name is an alias.  */
| #if defined __stub_gethostbyname || defined __stub___gethostbyname
| choke me
| #endif
| 
| int
| main ()
| {
| return gethostbyname ();
|   ;
|   return 0;
| }
configure:16201: result: no
configure:16212: checking for gethostbyname_r
configure:16212: i686-w64-mingw32-gcc -o conftest.exe -g -O2   conftest.c -lpthread  >&5
/tmp/cctkfypJ.o: In function `main':
/home/dev.zorak/projects/libAltOID_Sockets/conftest.c:61: undefined reference to `gethostbyname_r'
collect2: error: ld returned 1 exit status
configure:16212: $? = 1
configure: failed program was:
| /* confdefs.h */
| #define PACKAGE_NAME "alt_sockets"
| #define PACKAGE_TARNAME "alt_sockets"
| #define PACKAGE_VERSION "3.0.1"
| #define PACKAGE_STRING "alt_sockets 3.0.1"
| #define PACKAGE_BUGREPORT "zorak.x86@gmail.com"
| #define PACKAGE_URL ""
| #define PACKAGE "alt_sockets"
| #define VERSION "3.0.1"
| #define STDC_HEADERS 1
| #define HAVE_SYS_TYPES_H 1
| #define HAVE_SYS_STAT_H 1
| #define HAVE_STDLIB_H 1
| #define HAVE_STRING_H 1
| #define HAVE_MEMORY_H 1
| #define HAVE_STRINGS_H 1
| #define HAVE_INTTYPES_H 1
| #define HAVE_STDINT_H 1
| #define HAVE_UNISTD_H 1
| #define HAVE_DLFCN_H 1
| #define LT_OBJDIR ".libs/"
| #define STDC_HEADERS 1
| #define HAVE_STDLIB_H 1
| #define HAVE_MALLOC 1
| #define HAVE_LIBPTHREAD 1
| /* end confdefs.h.  */
| /* Define gethostbyname_r to an innocuous variant, in case <limits.h> declares gethostbyname_r.
|    For example, HP-UX 11i <limits.h> declares gettimeofday.  */
| #define gethostbyname_r innocuous_gethostbyname_r
| 
| /* System header to define __stub macros and hopefully few prototypes,
|     which can conflict with char gethostbyname_r (); below.
|     Prefer <limits.h> to <assert.h> if __STDC__ is defined, since
|     <limits.h> exists even on freestanding compilers.  */
| 
| #ifdef __STDC__
| # include <limits.h>
| #else
| # include <assert.h>
| #endif
| 
| #undef gethostbyname_r
| 
| /* Override any GCC internal prototype to avoid an error.
|    Use char because int might match the return type of a GCC
|    builtin and then its argument prototype would still apply.  */
| #ifdef __cplusplus
| extern "C"
| #endif
| char gethostbyname_r ();
| /* The GNU C library defines this for functions which it implements
|     to always fail with ENOSYS.  Some functions are actually named
|     something starting with __ and the normal name is an alias.  */
| #if defined __stub_gethostbyname_r || defined __stub___gethostbyname_r
| choke me
| #endif
| 
| int
| main ()
| {
| return gethostbyname_r ();
|   ;
|   return 0;
| }
configure:16212: result: no
configure:16223: checking for gettimeofday
configure:16223: i686-w64-mingw32-gcc -o conftest.exe -g -O2   conftest.c -lpthread  >&5
configure:16223: $? = 0
configure:16223: result: yes
configure:16416: checking whether i686-w64-mingw32-gcc is Clang
configure:16441: result: no
configure:16564: checking whether pthreads work with -pthread
configure:16658: i686-w64-mingw32-gcc -o conftest.exe -g -O2 -pthread   conftest.c  -lpthread  >&5
configure:16658: $? = 0
configure:16667: result: yes
configure:16686: checking for joinable pthread attribute
configure:16704: i686-w64-mingw32-gcc -o conftest.exe -g -O2 -pthread   conftest.c  -lpthread  >&5
configure:16704: $? = 0
configure:16712: result: PTHREAD_CREATE_JOINABLE
configure:16726: checking whether more special flags are required for pthreads
configure:16739: result: no
configure:16747: checking for PTHREAD_PRIO_INHERIT
configure:16763: i686-w64-mingw32-gcc -o conftest.exe -g -O2 -pthread   conftest.c  -lpthread  >&5
configure:16763: $? = 0
configure:16772: result: yes
configure:16895: checking for i686-w64-mingw32-pkg-config
configure:16911: found /usr/bin/i686-w64-mingw32-pkg-config
configure:16922: result: i686-w64-mingw32-pkg-config
configure:17032: checking whether compiling and linking against OpenSSL works
Trying link with OPENSSL_LDFLAGS=-L/usr/i686-w64-mingw32/sys-root/mingw/lib ; OPENSSL_LIBS=-lssl -lcrypto ; OPENSSL_INCLUDES=-I/usr/i686-w64-mingw32/sys-root/mingw/include 
configure:17054: i686-w64-mingw32-gcc -o conftest.exe -g -O2 -I/usr/i686-w64-mingw32/sys-root/mingw/include    -L/usr/i686-w64-mingw32/sys-root/mingw/lib  conftest.c -lssl -lcrypto  -lpthread  >&5
configure:17054: $? = 0
configure:17056: result: yes
configure:17082: checking windows.h usability
configure:17082: i686-w64-mingw32-gcc -c -g -O2  conftest.c >&5
configure:17082: $? = 0
configure:17082: result: yes
configure:17082: checking windows.h presence
configure:17082: i686-w64-mingw32-gcc -E  conftest.c
configure:17082: $? = 0
configure:17082: result: yes
configure:17082: checking for windows.h
configure:17082: result: yes
configure:17246: checking that generated files are newer than configure
configure:17252: result: done
configure:17283: creating ./config.status

## ---------------------- ##
## Running config.status. ##
## ---------------------- ##

This file was extended by alt_sockets config.status 3.0.1, which was
generated by GNU Autoconf 2.69.  Invocation command line was

  CONFIG_FILES    = 
  CONFIG_HEADERS  = 
  CONFIG_LINKS    = 
  CONFIG_COMMANDS = 
  $ ./config.status 

on tesseract

config.status:1103: creating Makefile
config.status:1103: creating src/Makefile
config.status:1275: executing depfiles commands
config.status:1352: cd src       && sed -e '/# am--include-marker/d' Makefile         | make -f - am--depfiles
make: Nothing to be done for 'am--depfiles'.
config.status:1357: $? = 0
config.status:1275: executing libtool commands

## ---------------- ##
## Cache variables. ##
## ---------------- ##

ac_cv_build=x86_64-pc-linux-gnu
ac_cv_c_compiler_gnu=yes
ac_cv_c_const=yes
ac_cv_cxx_compiler_gnu=yes
ac_cv_env_CCC_set=
ac_cv_env_CCC_value=
ac_cv_env_CC_set=
ac_cv_env_CC_value=
ac_cv_env_CFLAGS_set=
ac_cv_env_CFLAGS_value=
ac_cv_env_CPPFLAGS_set=
ac_cv_env_CPPFLAGS_value=
ac_cv_env_CPP_set=
ac_cv_env_CPP_value=
ac_cv_env_CXXCPP_set=
ac_cv_env_CXXCPP_value=
ac_cv_env_CXXFLAGS_set=
ac_cv_env_CXXFLAGS_value=
ac_cv_env_CXX_set=
ac_cv_env_CXX_value=
ac_cv_env_LDFLAGS_set=
ac_cv_env_LDFLAGS_value=
ac_cv_env_LIBS_set=
ac_cv_env_LIBS_value=
ac_cv_env_LT_SYS_LIBRARY_PATH_set=
ac_cv_env_LT_SYS_LIBRARY_PATH_value=
ac_cv_env_build_alias_set=
ac_cv_env_build_alias_value=
ac_cv_env_host_alias_set=set
ac_cv_env_host_alias_value=i686-w64-mingw32
ac_cv_env_target_alias_set=
ac_cv_env_target_alias_value=
ac_cv_exeext=.exe
ac_cv_func_gethostbyname=no
ac_cv_func_gethostbyname_r=no
ac_cv_func_gettimeofday=yes
ac_cv_func_malloc_0_nonnull=yes
ac_cv_have_windows_h=1
ac_cv_header_alt_mutex_locker_mutex_h=no
ac_cv_header_alt_mutex_mutex_instance_h=no
ac_cv_header_dlfcn_h=yes
ac_cv_header_inttypes_h=yes
ac_cv_header_memory_h=yes
ac_cv_header_stdc=yes
ac_cv_header_stdint_h=yes
ac_cv_header_stdlib_h=yes
ac_cv_header_string_h=yes
ac_cv_header_strings_h=yes
ac_cv_header_sys_stat_h=yes
ac_cv_header_sys_types_h=yes
ac_cv_header_unistd_h=yes
ac_cv_header_windows_h=yes
ac_cv_host=i686-w64-mingw32
ac_cv_lib_pthread_pthread_create=yes
ac_cv_lib_socket_setsockopt=no
ac_cv_objext=o
ac_cv_path_EGREP='/usr/bin/grep -E'
ac_cv_path_FGREP='/usr/bin/grep -F'
ac_cv_path_GREP=/usr/bin/grep
ac_cv_path_SED=/usr/bin/sed
ac_cv_path_install='/usr/bin/install -c'
ac_cv_path_lt_DD=/usr/bin/dd
ac_cv_path_mkdir=/usr/bin/mkdir
ac_cv_prog_AR=i686-w64-mingw32-ar
ac_cv_prog_AWK=gawk
ac_cv_prog_CC=i686-w64-mingw32-gcc
ac_cv_prog_CPP='i686-w64-mingw32-gcc -E'
ac_cv_prog_CXX=i686-w64-mingw32-g++
ac_cv_prog_CXXCPP='i686-w64-mingw32-g++ -E'
ac_cv_prog_DLLTOOL=i686-w64-mingw32-dlltool
ac_cv_prog_OBJDUMP=i686-w64-mingw32-objdump
ac_cv_prog_PKG_CONFIG=i686-w64-mingw32-pkg-config
ac_cv_prog_RANLIB=i686-w64-mingw32-ranlib
ac_cv_prog_STRIP=i686-w64-mingw32-strip
ac_cv_prog_cc_c89=
ac_cv_prog_cc_g=yes
ac_cv_prog_cxx_g=yes
ac_cv_prog_make_make_set=yes
am_cv_CC_dependencies_compiler_type=gcc3
am_cv_CXX_dependencies_compiler_type=gcc3
am_cv_make_support_nested_variables=yes
am_cv_prog_cc_c_o=yes
ax_cv_PTHREAD_CLANG=no
ax_cv_PTHREAD_JOINABLE_ATTR=PTHREAD_CREATE_JOINABLE
ax_cv_PTHREAD_PRIO_INHERIT=yes
ax_cv_PTHREAD_SPECIAL_FLAGS=no
lt_cv_ar_at_file=@
lt_cv_archive_cmds_need_lc=yes
lt_cv_deplibs_check_method='file_magic ^x86 archive import|^x86 DLL'
lt_cv_file_magic_cmd=func_win32_libid
lt_cv_file_magic_test_file=
lt_cv_ld_reload_flag=-r
lt_cv_nm_interface='BSD nm'
lt_cv_objdir=.libs
lt_cv_path_LD=/usr/i686-w64-mingw32/bin/ld
lt_cv_path_LDCXX=/usr/i686-w64-mingw32/bin/ld
lt_cv_path_NM='/usr/bin/i686-w64-mingw32-nm -B'
lt_cv_path_mainfest_tool=no
lt_cv_prog_compiler_c_o=yes
lt_cv_prog_compiler_c_o_CXX=yes
lt_cv_prog_compiler_pic='-DDLL_EXPORT -DPIC'
lt_cv_prog_compiler_pic_CXX='-DDLL_EXPORT -DPIC'
lt_cv_prog_compiler_pic_works=yes
lt_cv_prog_compiler_pic_works_CXX=yes
lt_cv_prog_compiler_rtti_exceptions=no
lt_cv_prog_compiler_static_works=yes
lt_cv_prog_compiler_static_works_CXX=yes
lt_cv_prog_gnu_ld=yes
lt_cv_prog_gnu_ldcxx=yes
lt_cv_sharedlib_from_linklib_cmd=func_cygming_dll_for_implib
lt_cv_sys_global_symbol_pipe='sed -n -e '\''s/^.*[	 ]\([ABCDGIRSTW][ABCDGIRSTW]*\)[	 ][	 ]*_\([_A-Za-z][_A-Za-z0-9]*\)$/\1 _\2 \2/p'\'' | sed '\''/ __gnu_lto/d'\'''
lt_cv_sys_global_symbol_to_c_name_address='sed -n -e '\''s/^: \(.*\) .*$/  {"\1", (void *) 0},/p'\'' -e '\''s/^[ABCDGIRSTW][ABCDGIRSTW]* .* \(.*\)$/  {"\1", (void *) \&\1},/p'\'''
lt_cv_sys_global_symbol_to_c_name_address_lib_prefix='sed -n -e '\''s/^: \(.*\) .*$/  {"\1", (void *) 0},/p'\'' -e '\''s/^[ABCDGIRSTW][ABCDGIRSTW]* .* \(lib.*\)$/  {"\1", (void *) \&\1},/p'\'' -e '\''s/^[ABCDGIRSTW][ABCDGIRSTW]* .* \(.*\)$/  {"lib\1", (void *) \&\1},/p'\'''
lt_cv_sys_global_symbol_to_cdecl='sed -n -e '\''s/^T .* \(.*\)$/extern int \1();/p'\'' -e '\''s/^[ABCDGIRSTW][ABCDGIRSTW]* .* \(.*\)$/extern char \1;/p'\'''
lt_cv_sys_global_symbol_to_import=
lt_cv_sys_max_cmd_len=1572864
lt_cv_to_host_file_cmd=func_convert_file_nix_to_w32
lt_cv_to_tool_file_cmd=func_convert_file_noop
lt_cv_truncate_bin='/usr/bin/dd bs=4096 count=1'

## ----------------- ##
## Output variables. ##
## ----------------- ##

ACLOCAL='${SHELL} /home/dev.zorak/projects/libAltOID_Sockets/missing aclocal-1.16'
AMDEPBACKSLASH='\'
AMDEP_FALSE='#'
AMDEP_TRUE=''
AMTAR='$${TAR-tar}'
AM_BACKSLASH='\'
AM_DEFAULT_V='$(AM_DEFAULT_VERBOSITY)'
AM_DEFAULT_VERBOSITY='1'
AM_LDFLAGS='-lws2_32'
AM_V='$(V)'
AR='i686-w64-mingw32-ar'
AUTOCONF='${SHELL} /home/dev.zorak/projects/libAltOID_Sockets/missing autoconf'
AUTOHEADER='${SHELL} /home/dev.zorak/projects/libAltOID_Sockets/missing autoheader'
AUTOMAKE='${SHELL} /home/dev.zorak/projects/libAltOID_Sockets/missing automake-1.16'
AWK='gawk'
CC='i686-w64-mingw32-gcc'
CCDEPMODE='depmode=gcc3'
CFLAGS='-g -O2'
CPP='i686-w64-mingw32-gcc -E'
CPPFLAGS=''
CXX='i686-w64-mingw32-g++'
CXXCPP='i686-w64-mingw32-g++ -E'
CXXDEPMODE='depmode=gcc3'
CXXFLAGS='-g -O2'
CYGPATH_W='echo'
DEFS='-DPACKAGE_NAME=\"alt_sockets\" -DPACKAGE_TARNAME=\"alt_sockets\" -DPACKAGE_VERSION=\"3.0.1\" -DPACKAGE_STRING=\"alt_sockets\ 3.0.1\" -DPACKAGE_BUGREPORT=\"zorak.x86@gmail.com\" -DPACKAGE_URL=\"\" -DPACKAGE=\"alt_sockets\" -DVERSION=\"3.0.1\" -DSTDC_HEADERS=1 -DHAVE_SYS_TYPES_H=1 -DHAVE_SYS_STAT_H=1 -DHAVE_STDLIB_H=1 -DHAVE_STRING_H=1 -DHAVE_MEMORY_H=1 -DHAVE_STRINGS_H=1 -DHAVE_INTTYPES_H=1 -DHAVE_STDINT_H=1 -DHAVE_UNISTD_H=1 -DHAVE_DLFCN_H=1 -DLT_OBJDIR=\".libs/\" -DSTDC_HEADERS=1 -DHAVE_STDLIB_H=1 -DHAVE_MALLOC=1 -DHAVE_LIBPTHREAD=1 -DHAVE_GETTIMEOFDAY=1 -DHAVE_PTHREAD_PRIO_INHERIT=1 -DHAVE_PTHREAD=1'
DEPDIR='.deps'
DLLTOOL='i686-w64-mingw32-dlltool'
DSYMUTIL=''
DUMPBIN=''
ECHO_C=''
ECHO_N='-n'
ECHO_T=''
EGREP='/usr/bin/grep -E'
EXEEXT='.exe'
FGREP='/usr/bin/grep -F'
GREP='/usr/bin/grep'
INSTALL_DATA='${INSTALL} -m 644'
INSTALL_PROGRAM='${INSTALL}'
INSTALL_SCRIPT='${INSTALL}'
INSTALL_STRIP_PROGRAM='$(install_sh) -c -s'
LD='/usr/i686-w64-mingw32/bin/ld'
LDFLAGS=''
LIBOBJS=''
LIBS='-lpthread '
LIBTOOL='$(SHELL) $(top_builddir)/libtool'
LIPO=''
LN_S='ln -s'
LTLIBOBJS=''
LT_SYS_LIBRARY_PATH=''
MAINT='#'
MAINTAINER_MODE_FALSE=''
MAINTAINER_MODE_TRUE='#'
MAKEINFO='${SHELL} /home/dev.zorak/projects/libAltOID_Sockets/missing makeinfo'
MANIFEST_TOOL=':'
MKDIR_P='/usr/bin/mkdir -p'
NM='/usr/bin/i686-w64-mingw32-nm -B'
NMEDIT=''
OBJDUMP='i686-w64-mingw32-objdump'
OBJEXT='o'
OPENSSL_INCLUDES='-I/usr/i686-w64-mingw32/sys-root/mingw/include '
OPENSSL_LDFLAGS='-L/usr/i686-w64-mingw32/sys-root/mingw/lib '
OPENSSL_LIBS='-lssl -lcrypto '
OTOOL64=''
OTOOL=''
PACKAGE='alt_sockets'
PACKAGE_BUGREPORT='zorak.x86@gmail.com'
PACKAGE_NAME='alt_sockets'
PACKAGE_STRING='alt_sockets 3.0.1'
PACKAGE_TARNAME='alt_sockets'
PACKAGE_URL=''
PACKAGE_VERSION='3.0.1'
PATH_SEPARATOR=':'
PKG_CONFIG='i686-w64-mingw32-pkg-config'
PTHREAD_CC='i686-w64-mingw32-gcc'
PTHREAD_CFLAGS='-pthread'
PTHREAD_LIBS=''
RANLIB='i686-w64-mingw32-ranlib'
SED='/usr/bin/sed'
SET_MAKE=''
SHELL='/bin/sh'
STRIP='i686-w64-mingw32-strip'
VERSION='3.0.1'
ac_ct_AR=''
ac_ct_CC=''
ac_ct_CXX=''
ac_ct_DUMPBIN=''
am__EXEEXT_FALSE='#'
am__EXEEXT_TRUE=''
am__fastdepCC_FALSE='#'
am__fastdepCC_TRUE=''
am__fastdepCXX_FALSE='#'
am__fastdepCXX_TRUE=''
am__include='include'
am__isrc=''
am__leading_dot='.'
am__nodep='_no'
am__quote=''
am__tar='$${TAR-tar} chof - "$$tardir"'
am__untar='$${TAR-tar} xf -'
ax_pthread_config=''
bindir='${exec_prefix}/bin'
build='x86_64-pc-linux-gnu'
build_alias=''
build_cpu='x86_64'
build_os='linux-gnu'
build_vendor='pc'
datadir='${datarootdir}'
datarootdir='${prefix}/share'
docdir='${datarootdir}/doc/${PACKAGE_TARNAME}'
dvidir='${docdir}'
exec_prefix='${prefix}'
host='i686-w64-mingw32'
host_alias='i686-w64-mingw32'
host_cpu='i686'
host_os='mingw32'
host_vendor='w64'
htmldir='${docdir}'
includedir='${prefix}/include'
infodir='${datarootdir}/info'
install_sh='${SHELL} /home/dev.zorak/projects/libAltOID_Sockets/install-sh'
libdir='${exec_prefix}/lib'
libexecdir='${exec_prefix}/libexec'
localedir='${datarootdir}/locale'
localstatedir='${prefix}/var'
mandir='${datarootdir}/man'
mkdir_p='$(MKDIR_P)'
oldincludedir='/usr/include'
pdfdir='${docdir}'
prefix='/home/shared/ROOTWIN'
program_transform_name='s,x,x,'
psdir='${docdir}'
sbindir='${exec_prefix}/sbin'
sharedstatedir='${prefix}/com'
sysconfdir='${prefix}/etc'
target_alias=''
version_info='3:1:0'

## ----------- ##
## confdefs.h. ##
## ----------- ##

/* confdefs.h */
#define PACKAGE_NAME "alt_sockets"
#define PACKAGE_TARNAME "alt_sockets"
#define PACKAGE_VERSION "3.0.1"
#define PACKAGE_STRING "alt_sockets 3.0.1"
#define PACKAGE_BUGREPORT "zorak.x86@gmail.com"
#define PACKAGE_URL ""
#define PACKAGE "alt_sockets"
#define VERSION "3.0.1"
#define STDC_HEADERS 1
#define HAVE_SYS_TYPES_H 1
#define HAVE_SYS_STAT_H 1
#define HAVE_STDLIB_H 1
#define HAVE_STRING_H 1
#define HAVE_MEMORY_H 1
#define HAVE_STRINGS_H 1
#define HAVE_INTTYPES_H 1
#define HAVE_STDINT_H 1
#define HAVE_UNISTD_H 1
#define HAVE_DLFCN_H 1
#define LT_OBJDIR ".libs/"
#define STDC_HEADERS 1
#define HAVE_STDLIB_H 1
#define HAVE_MALLOC 1
#define HAVE_LIBPTHREAD 1
#define HAVE_GETTIMEOFDAY 1
#define HAVE_PTHREAD_PRIO_INHERIT 1
#define HAVE_PTHREAD 1

configure: exit 0
